# JRE version: Java(TM) SE Runtime Environment (8.0_144-b01) (build 1.8.0_144-b01)
# Java VM: Java HotSpot(TM) 64-Bit Server VM (25.144-b01 mixed mode windows-amd64 compressed oops)
Heap:
 PSYoungGen      total 72192K, used 4808K [0x00000000d5f80000, 0x00000000dcc00000, 0x0000000100000000)
  eden space 63488K, 0% used [0x00000000d5f80000,0x00000000d5f80000,0x00000000d9d80000)
  from space 8704K, 55% used [0x00000000d9d80000,0x00000000da2322a0,0x00000000da600000)
  to   space 8704K, 0% used [0x00000000da600000,0x00000000da600000,0x00000000dae80000)
 ParOldGen       total 47616K, used 5643K [0x0000000081e00000, 0x0000000084c80000, 0x00000000d5f80000)
  object space 47616K, 11% used [0x0000000081e00000,0x0000000082382c40,0x0000000084c80000)
 Metaspace       used 22710K, capacity 23664K, committed 23808K, reserved 1069056K
  class space    used 3070K, capacity 3278K, committed 3328K, reserved 1048576K
GC Heap History (10 events):
Event: 10.543 GC heap after
Heap after GC invocations=5 (full 0):
 PSYoungGen      total 37888K, used 5093K [0x00000000d5f80000, 0x00000000d8e80000, 0x0000000100000000)
  eden space 32768K, 0% used [0x00000000d5f80000,0x00000000d5f80000,0x00000000d7f80000)
  from space 5120K, 99% used [0x00000000d8000000,0x00000000d84f9610,0x00000000d8500000)
  to   space 7680K, 0% used [0x00000000d8700000,0x00000000d8700000,0x00000000d8e80000)
 ParOldGen       total 87552K, used 1696K [0x0000000081e00000, 0x0000000087380000, 0x00000000d5f80000)
  object space 87552K, 1% used [0x0000000081e00000,0x0000000081fa8338,0x0000000087380000)
 Metaspace       used 17811K, capacity 18458K, committed 18560K, reserved 1064960K
  class space    used 2416K, capacity 2591K, committed 2688K, reserved 1048576K
}
Event: 11.385 GC heap before
{Heap before GC invocations=6 (full 0):
 PSYoungGen      total 37888K, used 37856K [0x00000000d5f80000, 0x00000000d8e80000, 0x0000000100000000)
  eden space 32768K, 99% used [0x00000000d5f80000,0x00000000d7f7eda0,0x00000000d7f80000)
  from space 5120K, 99% used [0x00000000d8000000,0x00000000d84f9610,0x00000000d8500000)
  to   space 7680K, 0% used [0x00000000d8700000,0x00000000d8700000,0x00000000d8e80000)
 ParOldGen       total 87552K, used 1696K [0x0000000081e00000, 0x0000000087380000, 0x00000000d5f80000)
  object space 87552K, 1% used [0x0000000081e00000,0x0000000081fa8338,0x0000000087380000)
 Metaspace       used 20170K, capacity 20886K, committed 21120K, reserved 1067008K
  class space    used 2693K, capacity 2883K, committed 2944K, reserved 1048576K
Event: 11.391 GC heap after
Heap after GC invocations=6 (full 0):
 PSYoungGen      total 39424K, used 7493K [0x00000000d5f80000, 0x00000000d9000000, 0x0000000100000000)
  eden space 31744K, 0% used [0x00000000d5f80000,0x00000000d5f80000,0x00000000d7e80000)
  from space 7680K, 97% used [0x00000000d8700000,0x00000000d8e51790,0x00000000d8e80000)
  to   space 8704K, 0% used [0x00000000d7e80000,0x00000000d7e80000,0x00000000d8700000)
 ParOldGen       total 87552K, used 1704K [0x0000000081e00000, 0x0000000087380000, 0x00000000d5f80000)
  object space 87552K, 1% used [0x0000000081e00000,0x0000000081faa338,0x0000000087380000)
 Metaspace       used 20170K, capacity 20886K, committed 21120K, reserved 1067008K
  class space    used 2693K, capacity 2883K, committed 2944K, reserved 1048576K
}
Event: 11.481 GC heap before
{Heap before GC invocations=7 (full 0):
 PSYoungGen      total 39424K, used 39237K [0x00000000d5f80000, 0x00000000d9000000, 0x0000000100000000)
  eden space 31744K, 100% used [0x00000000d5f80000,0x00000000d7e80000,0x00000000d7e80000)
  from space 7680K, 97% used [0x00000000d8700000,0x00000000d8e51790,0x00000000d8e80000)
  to   space 8704K, 0% used [0x00000000d7e80000,0x00000000d7e80000,0x00000000d8700000)
 ParOldGen       total 87552K, used 1704K [0x0000000081e00000, 0x0000000087380000, 0x00000000d5f80000)
  object space 87552K, 1% used [0x0000000081e00000,0x0000000081faa338,0x0000000087380000)
 Metaspace       used 20244K, capacity 20950K, committed 21120K, reserved 1067008K
  class space    used 2701K, capacity 2883K, committed 2944K, reserved 1048576K
Event: 11.485 GC heap after
Heap after GC invocations=7 (full 0):
 PSYoungGen      total 40448K, used 2743K [0x00000000d5f80000, 0x00000000dae80000, 0x0000000100000000)
  eden space 31744K, 0% used [0x00000000d5f80000,0x00000000d5f80000,0x00000000d7e80000)
  from space 8704K, 31% used [0x00000000d7e80000,0x00000000d812de28,0x00000000d8700000)
  to   space 8704K, 0% used [0x00000000da600000,0x00000000da600000,0x00000000dae80000)
 ParOldGen       total 87552K, used 4547K [0x0000000081e00000, 0x0000000087380000, 0x00000000d5f80000)
  object space 87552K, 5% used [0x0000000081e00000,0x0000000082270ef0,0x0000000087380000)
 Metaspace       used 20244K, capacity 20950K, committed 21120K, reserved 1067008K
  class space    used 2701K, capacity 2883K, committed 2944K, reserved 1048576K
}
Event: 11.777 GC heap before
{Heap before GC invocations=8 (full 0):
 PSYoungGen      total 40448K, used 7798K [0x00000000d5f80000, 0x00000000dae80000, 0x0000000100000000)
  eden space 31744K, 15% used [0x00000000d5f80000,0x00000000d646fbf0,0x00000000d7e80000)
  from space 8704K, 31% used [0x00000000d7e80000,0x00000000d812de28,0x00000000d8700000)
  to   space 8704K, 0% used [0x00000000da600000,0x00000000da600000,0x00000000dae80000)
 ParOldGen       total 87552K, used 4547K [0x0000000081e00000, 0x0000000087380000, 0x00000000d5f80000)
  object space 87552K, 5% used [0x0000000081e00000,0x0000000082270ef0,0x0000000087380000)
 Metaspace       used 20544K, capacity 21238K, committed 21296K, reserved 1067008K
  class space    used 2728K, capacity 2915K, committed 2944K, reserved 1048576K
Event: 11.780 GC heap after
Heap after GC invocations=8 (full 0):
 PSYoungGen      total 72192K, used 1944K [0x00000000d5f80000, 0x00000000dae80000, 0x0000000100000000)
  eden space 63488K, 0% used [0x00000000d5f80000,0x00000000d5f80000,0x00000000d9d80000)
  from space 8704K, 22% used [0x00000000da600000,0x00000000da7e6080,0x00000000dae80000)
  to   space 8704K, 0% used [0x00000000d9d80000,0x00000000d9d80000,0x00000000da600000)
 ParOldGen       total 87552K, used 5595K [0x0000000081e00000, 0x0000000087380000, 0x00000000d5f80000)
  object space 87552K, 6% used [0x0000000081e00000,0x0000000082376f30,0x0000000087380000)
 Metaspace       used 20544K, capacity 21238K, committed 21296K, reserved 1067008K
  class space    used 2728K, capacity 2915K, committed 2944K, reserved 1048576K
}
Event: 11.780 GC heap before
{Heap before GC invocations=9 (full 1):
 PSYoungGen      total 72192K, used 1944K [0x00000000d5f80000, 0x00000000dae80000, 0x0000000100000000)
  eden space 63488K, 0% used [0x00000000d5f80000,0x00000000d5f80000,0x00000000d9d80000)
  from space 8704K, 22% used [0x00000000da600000,0x00000000da7e6080,0x00000000dae80000)
  to   space 8704K, 0% used [0x00000000d9d80000,0x00000000d9d80000,0x00000000da600000)
 ParOldGen       total 87552K, used 5595K [0x0000000081e00000, 0x0000000087380000, 0x00000000d5f80000)
  object space 87552K, 6% used [0x0000000081e00000,0x0000000082376f30,0x0000000087380000)
 Metaspace       used 20544K, capacity 21238K, committed 21296K, reserved 1067008K
  class space    used 2728K, capacity 2915K, committed 2944K, reserved 1048576K
Event: 11.812 GC heap after
Heap after GC invocations=9 (full 1):
 PSYoungGen      total 72192K, used 0K [0x00000000d5f80000, 0x00000000dae80000, 0x0000000100000000)
  eden space 63488K, 0% used [0x00000000d5f80000,0x00000000d5f80000,0x00000000d9d80000)
  from space 8704K, 0% used [0x00000000da600000,0x00000000da600000,0x00000000dae80000)
  to   space 8704K, 0% used [0x00000000d9d80000,0x00000000d9d80000,0x00000000da600000)
 ParOldGen       total 47616K, used 5635K [0x0000000081e00000, 0x0000000084c80000, 0x00000000d5f80000)
  object space 47616K, 11% used [0x0000000081e00000,0x0000000082380c40,0x0000000084c80000)
 Metaspace       used 20542K, capacity 21232K, committed 21296K, reserved 1067008K
  class space    used 2727K, capacity 2914K, committed 2944K, reserved 1048576K
}
Event: 13.175 GC heap before
{Heap before GC invocations=10 (full 1):
 PSYoungGen      total 72192K, used 63488K [0x00000000d5f80000, 0x00000000dae80000, 0x0000000100000000)
  eden space 63488K, 100% used [0x00000000d5f80000,0x00000000d9d80000,0x00000000d9d80000)
  from space 8704K, 0% used [0x00000000da600000,0x00000000da600000,0x00000000dae80000)
  to   space 8704K, 0% used [0x00000000d9d80000,0x00000000d9d80000,0x00000000da600000)
 ParOldGen       total 47616K, used 5635K [0x0000000081e00000, 0x0000000084c80000, 0x00000000d5f80000)
  object space 47616K, 11% used [0x0000000081e00000,0x0000000082380c40,0x0000000084c80000)
 Metaspace       used 22710K, capacity 23664K, committed 23808K, reserved 1069056K
  class space    used 3070K, capacity 3278K, committed 3328K, reserved 1048576K

